<?xml version="1.0" encoding="UTF-8"?>
<!-- Generated by org.testng.reporters.JUnitReportReporter -->
<testsuite hostname="DESKTOP-M73JS29" failures="0" tests="4" name="api.tests.UserTest" time="9.679" errors="0" timestamp="2023-11-16T20:03:10 IST" skipped="0">
  <testcase classname="api.tests.UserTest" name="testPostUser" time="5.727"/>
  <testcase classname="api.tests.UserTest" name="testGetUserData" time="1.464"/>
  <testcase classname="api.tests.UserTest" name="testUpdateUser" time="1.299"/>
  <testcase classname="api.tests.UserTest" name="testDeleteUser" time="1.189"/>
</testsuite> <!-- api.tests.UserTest -->
