<?xml version="1.0" encoding="UTF-8"?>
<!-- Generated by org.testng.reporters.JUnitReportReporter -->
<testsuite hostname="DESKTOP-M73JS29" failures="0" tests="4" name="api.tests.UserTest1" time="8.642" errors="0" timestamp="2023-11-16T19:48:20 IST" skipped="0">
  <testcase classname="api.tests.UserTest1" name="testPostUser" time="3.946"/>
  <testcase classname="api.tests.UserTest1" name="testGetUserData" time="1.352"/>
  <testcase classname="api.tests.UserTest1" name="testUpdateUser" time="2.024"/>
  <testcase classname="api.tests.UserTest1" name="testDeleteUser" time="1.320"/>
</testsuite> <!-- api.tests.UserTest1 -->
